Line 258: Class MSDataGridLib.DataGrid of control DataGrid1 was not a loaded control class.
Line 259: The property name Bindings in DataGrid1 is invalid.
Line 265: The property name _ExtentX in DataGrid1 is invalid.
Line 266: The property name _ExtentY in DataGrid1 is invalid.
Line 267: The property name _Version in DataGrid1 is invalid.
Line 268: The property name HeadLines in DataGrid1 is invalid.
Line 269: The property name RowHeight in DataGrid1 is invalid.
Line 278: The property name HeadFont in DataGrid1 is invalid.
Line 288: The property name ColumnCount in DataGrid1 is invalid.
Line 301: The property name Column00 in DataGrid1 is invalid.
Line 314: The property name Column01 in DataGrid1 is invalid.
Line 315: The property name SplitCount in DataGrid1 is invalid.
Line 321: The property name Split0 in DataGrid1 is invalid.
Line 259: The property name Bindings in DataGrid1 is invalid.
Line 265: The property name _ExtentX in DataGrid1 is invalid.
Line 266: The property name _ExtentY in DataGrid1 is invalid.
Line 267: The property name _Version in DataGrid1 is invalid.
Line 268: The property name HeadLines in DataGrid1 is invalid.
Line 269: The property name RowHeight in DataGrid1 is invalid.
Line 278: The property name HeadFont in DataGrid1 is invalid.
Line 288: The property name ColumnCount in DataGrid1 is invalid.
Line 301: The property name Column00 in DataGrid1 is invalid.
Line 314: The property name Column01 in DataGrid1 is invalid.
Line 315: The property name SplitCount in DataGrid1 is invalid.
Line 321: The property name Split0 in DataGrid1 is invalid.
Line 259: The property name Bindings in DataGrid1 is invalid.
Line 265: The property name _ExtentX in DataGrid1 is invalid.
Line 266: The property name _ExtentY in DataGrid1 is invalid.
Line 267: The property name _Version in DataGrid1 is invalid.
Line 268: The property name HeadLines in DataGrid1 is invalid.
Line 269: The property name RowHeight in DataGrid1 is invalid.
Line 278: The property name HeadFont in DataGrid1 is invalid.
Line 288: The property name ColumnCount in DataGrid1 is invalid.
Line 301: The property name Column00 in DataGrid1 is invalid.
Line 314: The property name Column01 in DataGrid1 is invalid.
Line 315: The property name SplitCount in DataGrid1 is invalid.
Line 321: The property name Split0 in DataGrid1 is invalid.
