Line 234: Class MSDataGridLib.DataGrid of control DataGrid1 was not a loaded control class.
Line 299: Class MSAdodcLib.Adodc of control Adodc1 was not a loaded control class.
Line 235: The property name Bindings in DataGrid1 is invalid.
Line 241: The property name _ExtentX in DataGrid1 is invalid.
Line 242: The property name _ExtentY in DataGrid1 is invalid.
Line 243: The property name _Version in DataGrid1 is invalid.
Line 244: The property name HeadLines in DataGrid1 is invalid.
Line 245: The property name RowHeight in DataGrid1 is invalid.
Line 254: The property name HeadFont in DataGrid1 is invalid.
Line 264: The property name ColumnCount in DataGrid1 is invalid.
Line 277: The property name Column00 in DataGrid1 is invalid.
Line 290: The property name Column01 in DataGrid1 is invalid.
Line 291: The property name SplitCount in DataGrid1 is invalid.
Line 297: The property name Split0 in DataGrid1 is invalid.
Line 305: The property name _ExtentX in Adodc1 is invalid.
Line 306: The property name _ExtentY in Adodc1 is invalid.
Line 307: The property name ConnectMode in Adodc1 is invalid.
Line 308: The property name CursorLocation in Adodc1 is invalid.
Line 309: The property name IsolationLevel in Adodc1 is invalid.
Line 310: The property name ConnectionTimeout in Adodc1 is invalid.
Line 311: The property name CommandTimeout in Adodc1 is invalid.
Line 312: The property name CursorType in Adodc1 is invalid.
Line 313: The property name LockType in Adodc1 is invalid.
Line 314: The property name CommandType in Adodc1 is invalid.
Line 315: The property name CursorOptions in Adodc1 is invalid.
Line 316: The property name CacheSize in Adodc1 is invalid.
Line 317: The property name MaxRecords in Adodc1 is invalid.
Line 318: The property name BOFAction in Adodc1 is invalid.
Line 319: The property name EOFAction in Adodc1 is invalid.
Line 320: The property name ConnectStringType in Adodc1 is invalid.
Line 324: The property name Orientation in Adodc1 is invalid.
Line 326: The property name Connect in Adodc1 is invalid.
Line 327: The property name OLEDBString in Adodc1 is invalid.
Line 328: The property name OLEDBFile in Adodc1 is invalid.
Line 329: The property name DataSourceName in Adodc1 is invalid.
Line 330: The property name OtherAttributes in Adodc1 is invalid.
Line 331: The property name UserName in Adodc1 is invalid.
Line 332: The property name Password in Adodc1 is invalid.
Line 333: The property name RecordSource in Adodc1 is invalid.
Line 334: The property name Caption in Adodc1 is invalid.
Line 344: The property name _Version in Adodc1 is invalid.
