Line 32: Class MSAdodcLib.Adodc of control Adodc1 was not a loaded control class.
Line 78: Class MSComCtl2.DTPicker of control DTPicker1 was not a loaded control class.
Line 273: Class MSDataGridLib.DataGrid of control DataGrid1 was not a loaded control class.
Line 37: The property name _ExtentX in Adodc1 is invalid.
Line 38: The property name _ExtentY in Adodc1 is invalid.
Line 39: The property name ConnectMode in Adodc1 is invalid.
Line 40: The property name CursorLocation in Adodc1 is invalid.
Line 41: The property name IsolationLevel in Adodc1 is invalid.
Line 42: The property name ConnectionTimeout in Adodc1 is invalid.
Line 43: The property name CommandTimeout in Adodc1 is invalid.
Line 44: The property name CursorType in Adodc1 is invalid.
Line 45: The property name LockType in Adodc1 is invalid.
Line 46: The property name CommandType in Adodc1 is invalid.
Line 47: The property name CursorOptions in Adodc1 is invalid.
Line 48: The property name CacheSize in Adodc1 is invalid.
Line 49: The property name MaxRecords in Adodc1 is invalid.
Line 50: The property name BOFAction in Adodc1 is invalid.
Line 51: The property name EOFAction in Adodc1 is invalid.
Line 52: The property name ConnectStringType in Adodc1 is invalid.
Line 56: The property name Orientation in Adodc1 is invalid.
Line 58: The property name Connect in Adodc1 is invalid.
Line 59: The property name OLEDBString in Adodc1 is invalid.
Line 60: The property name OLEDBFile in Adodc1 is invalid.
Line 61: The property name DataSourceName in Adodc1 is invalid.
Line 62: The property name OtherAttributes in Adodc1 is invalid.
Line 63: The property name UserName in Adodc1 is invalid.
Line 64: The property name Password in Adodc1 is invalid.
Line 65: The property name RecordSource in Adodc1 is invalid.
Line 66: The property name Caption in Adodc1 is invalid.
Line 76: The property name _Version in Adodc1 is invalid.
Line 84: The property name _ExtentX in DTPicker1 is invalid.
Line 85: The property name _ExtentY in DTPicker1 is invalid.
Line 86: The property name _Version in DTPicker1 is invalid.
Line 87: The property name Format in DTPicker1 is invalid.
Line 88: The property name CurrentDate in DTPicker1 is invalid.
Line 274: The property name Bindings in DataGrid1 is invalid.
Line 280: The property name _ExtentX in DataGrid1 is invalid.
Line 281: The property name _ExtentY in DataGrid1 is invalid.
Line 282: The property name _Version in DataGrid1 is invalid.
Line 283: The property name HeadLines in DataGrid1 is invalid.
Line 284: The property name RowHeight in DataGrid1 is invalid.
Line 293: The property name HeadFont in DataGrid1 is invalid.
Line 303: The property name ColumnCount in DataGrid1 is invalid.
Line 316: The property name Column00 in DataGrid1 is invalid.
Line 329: The property name Column01 in DataGrid1 is invalid.
Line 330: The property name SplitCount in DataGrid1 is invalid.
Line 336: The property name Split0 in DataGrid1 is invalid.
