Line 126: Class MSDataGridLib.DataGrid of control DataGrid1 was not a loaded control class.
Line 127: The property name Bindings in DataGrid1 is invalid.
Line 133: The property name _ExtentX in DataGrid1 is invalid.
Line 134: The property name _ExtentY in DataGrid1 is invalid.
Line 135: The property name _Version in DataGrid1 is invalid.
Line 136: The property name HeadLines in DataGrid1 is invalid.
Line 137: The property name RowHeight in DataGrid1 is invalid.
Line 146: The property name HeadFont in DataGrid1 is invalid.
Line 156: The property name ColumnCount in DataGrid1 is invalid.
Line 169: The property name Column00 in DataGrid1 is invalid.
Line 182: The property name Column01 in DataGrid1 is invalid.
Line 183: The property name SplitCount in DataGrid1 is invalid.
Line 189: The property name Split0 in DataGrid1 is invalid.
Line 127: The property name Bindings in DataGrid1 is invalid.
Line 133: The property name _ExtentX in DataGrid1 is invalid.
Line 134: The property name _ExtentY in DataGrid1 is invalid.
Line 135: The property name _Version in DataGrid1 is invalid.
Line 136: The property name HeadLines in DataGrid1 is invalid.
Line 137: The property name RowHeight in DataGrid1 is invalid.
Line 146: The property name HeadFont in DataGrid1 is invalid.
Line 156: The property name ColumnCount in DataGrid1 is invalid.
Line 169: The property name Column00 in DataGrid1 is invalid.
Line 182: The property name Column01 in DataGrid1 is invalid.
Line 183: The property name SplitCount in DataGrid1 is invalid.
Line 189: The property name Split0 in DataGrid1 is invalid.
